<?xml version="1.0" encoding="UTF-8"?>
<testsuites name="DemoAPITests" time="7" tests="1" failures="0" errors="0">
   <testsuite name="DemoAPITests" tests="1" failures="0" errors="0" time="7" timestamp="2019-03-18 21:13:59" hostname="L077273$ - L077273.corp.ads" id="Test Suites/API-Driven/DemoAPI/DemoAPITests">
      <properties>
         <property name="deviceName" value=""/>
         <property name="devicePlatform" value=""/>
         <property name="logFolder" value="C:\\Users\\T916347\\git\\DevopsPOC\\Reports\\API-Driven\\DemoAPI\\DemoAPITests\\20190318_211352"/>
         <property name="logFiles" value="C:\\Users\\T916347\\git\\DevopsPOC\\Reports\\API-Driven\\DemoAPI\\DemoAPITests\\20190318_211352\\execution0.log"/>
         <property name="attachments" value=""/>
         <property name="hostName" value="L077273$ - L077273.corp.ads"/>
         <property name="hostAddress" value="192.168.56.1"/>
         <property name="os" value="Windows 7 64bit"/>
         <property name="katalonVersion" value="6.0.6.4"/>
      </properties>
      <testcase name="Test Cases/APIDrivenTests/Mock/GetListOfUsersTestCase" classname="Test Cases/APIDrivenTests/Mock/GetListOfUsersTestCase" status="PASSED">
         <system-out><![CDATA[2019-03-18 21:14:00 - [TEST_CASE][PASSED] - Test Cases/APIDrivenTests/Mock/GetListOfUsersTestCase: Test Cases/APIDrivenTests/Mock/GetListOfUsersTestCase

2019-03-18 21:14:01 - [TEST_STEP][PASSED] - response = sendRequestAndVerify(findTestObject("Mock-EndPoint/DEMO-REST-GET-Users")): Send request and verify the response successfully

2019-03-18 21:14:06 - [TEST_CASE][PASSED] - Start Test Case : Verification: Verification accomplished successfully

2019-03-18 21:14:06 - [TEST_STEP][PASSED] - request = getInstance().getCurrentRequest(): null

2019-03-18 21:14:06 - [TEST_STEP][PASSED] - response = getInstance().getCurrentResponse(): null

2019-03-18 21:14:06 - [MESSAGE][PASSED] - Verify response successfully

2019-03-18 21:14:06 - [MESSAGE][PASSED] - Send request and verify the response successfully]]></system-out>
         <system-err><![CDATA[]]></system-err>
      </testcase>
      <system-out><![CDATA[2019-03-18 21:13:59 - [TEST_SUITE][PASSED] - DemoAPITests: Test Cases/APIDrivenTests/Mock/GetListOfUsersTestCase]]></system-out>
      <system-err><![CDATA[]]></system-err>
   </testsuite>
</testsuites>
