<?xml version="1.0" encoding="UTF-8"?>
<testsuites name="RESTAPI_TS_1" time="1" tests="0" failures="0" errors="0">
   <testsuite name="RESTAPI_TS_1" tests="0" failures="0" errors="0" time="1" timestamp="2019-03-16 11:27:49" hostname="L077273$ - L077273.corp.ads" id="Test Suites/REST-API-Test-Suite/RESTAPI_TS_1">
      <properties>
         <property name="deviceName" value=""/>
         <property name="devicePlatform" value=""/>
         <property name="logFolder" value="C:\\Users\\T916347\\git\\DevopsPOC\\Reports\\REST-API-Test-Suite\\RESTAPI_TS_1\\20190316_112743"/>
         <property name="logFiles" value="C:\\Users\\T916347\\git\\DevopsPOC\\Reports\\REST-API-Test-Suite\\RESTAPI_TS_1\\20190316_112743\\execution0.log"/>
         <property name="attachments" value=""/>
         <property name="hostName" value="L077273$ - L077273.corp.ads"/>
         <property name="hostAddress" value="192.168.56.1"/>
         <property name="os" value="Windows 7 64bit"/>
         <property name="katalonVersion" value="6.0.6.4"/>
      </properties>
      <system-out><![CDATA[2019-03-16 11:27:49 - [TEST_SUITE][PASSED] - RESTAPI_TS_1: null]]></system-out>
      <system-err><![CDATA[]]></system-err>
   </testsuite>
</testsuites>
